<?xml version="1.0" encoding="UTF-8"?>
<!-- Generated by org.testng.reporters.JUnitXMLReporter -->
<testsuite ignored="4" hostname="DESKTOP-OUT6V2T" failures="0" tests="2" name="Test" time="0.118" errors="0" timestamp="2024-01-24T11:33:19 IST">
  <testcase classname="practiceMaven.PracticeTest" name="script6Test" time="0.015"/>
  <testcase classname="practiceMaven.sampleTest" name="script3Test" time="0.003"/>
  <testcase classname="practiceMaven.DemoTest" name="script1Test" time="0.0">
    <ignored/>
  </testcase> <!-- script1Test -->
  <testcase classname="practiceMaven.sampleTest" name="script4Test" time="0.0">
    <ignored/>
  </testcase> <!-- script4Test -->
  <testcase classname="practiceMaven.PracticeTest" name="script5Test" time="0.0">
    <ignored/>
  </testcase> <!-- script5Test -->
  <testcase classname="practiceMaven.DemoTest" name="script2Test" time="0.0">
    <ignored/>
  </testcase> <!-- script2Test -->
</testsuite> <!-- Test -->
