<?xml version="1.0" encoding="UTF-8"?>
<testng-results ignored="0" total="1" passed="1" failed="0" skipped="0">
  <reporter-output>
    <line>
      <![CDATA[--DB connceted successfully-- ]]>
    </line>
    <line>
      <![CDATA[browser launched]]>
    </line>
    <line>
      <![CDATA[application launched]]>
    </line>
    <line>
      <![CDATA[logged out ]]>
    </line>
    <line>
      <![CDATA[browser closed]]>
    </line>
    <line>
      <![CDATA[DB closed]]>
    </line>
  </reporter-output>
  <suite started-at="2024-01-27T22:51:58 IST" name="Default suite" finished-at="2024-01-27T22:52:08 IST" duration-ms="10477">
    <groups>
    </groups>
    <test started-at="2024-01-27T22:51:58 IST" name="Default test" finished-at="2024-01-27T22:52:08 IST" duration-ms="10477">
      <class name="AssgnmentPrograms.Launchbrowsers4Test">
        <test-method is-config="true" signature="config_BS()[pri:0, instance:AssgnmentPrograms.Launchbrowsers4Test@291caca8]" started-at="2024-01-27T22:51:57 IST" name="config_BS" finished-at="2024-01-27T22:51:58 IST" duration-ms="416" status="PASS">
          <reporter-output>
            <line>
              <![CDATA[--DB connceted successfully-- ]]>
            </line>
          </reporter-output>
        </test-method> <!-- config_BS -->
        <test-method is-config="true" signature="config_BC()[pri:0, instance:AssgnmentPrograms.Launchbrowsers4Test@291caca8]" started-at="2024-01-27T22:51:58 IST" name="config_BC" finished-at="2024-01-27T22:52:02 IST" duration-ms="4224" status="PASS">
          <reporter-output>
            <line>
              <![CDATA[browser launched]]>
            </line>
          </reporter-output>
        </test-method> <!-- config_BC -->
        <test-method is-config="true" signature="config_BM()[pri:0, instance:AssgnmentPrograms.Launchbrowsers4Test@291caca8]" started-at="2024-01-27T22:52:02 IST" name="config_BM" finished-at="2024-01-27T22:52:02 IST" duration-ms="12" status="PASS">
          <reporter-output>
            <line>
              <![CDATA[application launched]]>
            </line>
          </reporter-output>
        </test-method> <!-- config_BM -->
        <test-method signature="launchBrowser()[pri:0, instance:AssgnmentPrograms.Launchbrowsers4Test@291caca8]" started-at="2024-01-27T22:52:02 IST" name="launchBrowser" finished-at="2024-01-27T22:52:08 IST" duration-ms="5712" status="PASS">
          <reporter-output>
          </reporter-output>
        </test-method> <!-- launchBrowser -->
        <test-method is-config="true" signature="config_AM()[pri:0, instance:AssgnmentPrograms.Launchbrowsers4Test@291caca8]" started-at="2024-01-27T22:52:08 IST" name="config_AM" finished-at="2024-01-27T22:52:08 IST" duration-ms="2" status="PASS">
          <reporter-output>
            <line>
              <![CDATA[logged out ]]>
            </line>
          </reporter-output>
        </test-method> <!-- config_AM -->
        <test-method is-config="true" signature="config_AC()[pri:0, instance:AssgnmentPrograms.Launchbrowsers4Test@291caca8]" started-at="2024-01-27T22:52:08 IST" name="config_AC" finished-at="2024-01-27T22:52:08 IST" duration-ms="431" status="PASS">
          <reporter-output>
            <line>
              <![CDATA[browser closed]]>
            </line>
          </reporter-output>
        </test-method> <!-- config_AC -->
        <test-method is-config="true" signature="config_AS()[pri:0, instance:AssgnmentPrograms.Launchbrowsers4Test@291caca8]" started-at="2024-01-27T22:52:08 IST" name="config_AS" finished-at="2024-01-27T22:52:08 IST" duration-ms="18" status="PASS">
          <reporter-output>
            <line>
              <![CDATA[DB closed]]>
            </line>
          </reporter-output>
        </test-method> <!-- config_AS -->
      </class> <!-- AssgnmentPrograms.Launchbrowsers4Test -->
    </test> <!-- Default test -->
  </suite> <!-- Default suite -->
</testng-results>
