<?xml version="1.0" encoding="UTF-8"?>
<testng-results ignored="0" total="1" passed="1" failed="0" skipped="0">
  <reporter-output>
    <line>
      <![CDATA[--DB connceted successfully-- ]]>
    </line>
    <line>
      <![CDATA[browser launched]]>
    </line>
    <line>
      <![CDATA[application launched]]>
    </line>
    <line>
      <![CDATA[IRCTCTest   ---> Execution started]]>
    </line>
    <line>
      <![CDATA[IRCTCTest   ---> Executed successfully]]>
    </line>
    <line>
      <![CDATA[logged out ]]>
    </line>
    <line>
      <![CDATA[browser closed]]>
    </line>
    <line>
      <![CDATA[DB closed]]>
    </line>
  </reporter-output>
  <suite started-at="2024-01-23T23:40:51 IST" name="Default suite" finished-at="2024-01-23T23:41:24 IST" duration-ms="32931">
    <groups>
    </groups>
    <test started-at="2024-01-23T23:40:51 IST" name="Default test" finished-at="2024-01-23T23:41:24 IST" duration-ms="32931">
      <class name="testNgPrograms.IrctcTest">
        <test-method is-config="true" signature="config_BS()[pri:0, instance:testNgPrograms.IrctcTest@f79e]" started-at="2024-01-23T23:40:50 IST" name="config_BS" finished-at="2024-01-23T23:40:51 IST" duration-ms="451" status="PASS">
          <reporter-output>
            <line>
              <![CDATA[--DB connceted successfully-- ]]>
            </line>
          </reporter-output>
        </test-method> <!-- config_BS -->
        <test-method is-config="true" signature="config_BC()[pri:0, instance:testNgPrograms.IrctcTest@f79e]" started-at="2024-01-23T23:40:51 IST" name="config_BC" finished-at="2024-01-23T23:40:56 IST" duration-ms="4654" status="PASS">
          <reporter-output>
            <line>
              <![CDATA[browser launched]]>
            </line>
          </reporter-output>
        </test-method> <!-- config_BC -->
        <test-method is-config="true" signature="config_BM()[pri:0, instance:testNgPrograms.IrctcTest@f79e]" started-at="2024-01-23T23:40:56 IST" name="config_BM" finished-at="2024-01-23T23:41:02 IST" duration-ms="6005" status="PASS">
          <reporter-output>
            <line>
              <![CDATA[application launched]]>
            </line>
          </reporter-output>
        </test-method> <!-- config_BM -->
        <test-method signature="IRCTCTest()[pri:0, instance:testNgPrograms.IrctcTest@f79e]" started-at="2024-01-23T23:41:02 IST" name="IRCTCTest" finished-at="2024-01-23T23:41:24 IST" duration-ms="21641" status="PASS">
          <reporter-output>
            <line>
              <![CDATA[IRCTCTest   ---> Execution started]]>
            </line>
            <line>
              <![CDATA[IRCTCTest   ---> Executed successfully]]>
            </line>
          </reporter-output>
        </test-method> <!-- IRCTCTest -->
        <test-method is-config="true" signature="config_AM()[pri:0, instance:testNgPrograms.IrctcTest@f79e]" started-at="2024-01-23T23:41:24 IST" name="config_AM" finished-at="2024-01-23T23:41:24 IST" duration-ms="1" status="PASS">
          <reporter-output>
            <line>
              <![CDATA[logged out ]]>
            </line>
          </reporter-output>
        </test-method> <!-- config_AM -->
        <test-method is-config="true" signature="config_AC()[pri:0, instance:testNgPrograms.IrctcTest@f79e]" started-at="2024-01-23T23:41:24 IST" name="config_AC" finished-at="2024-01-23T23:41:24 IST" duration-ms="1" status="PASS">
          <reporter-output>
            <line>
              <![CDATA[browser closed]]>
            </line>
          </reporter-output>
        </test-method> <!-- config_AC -->
        <test-method is-config="true" signature="config_AS()[pri:0, instance:testNgPrograms.IrctcTest@f79e]" started-at="2024-01-23T23:41:25 IST" name="config_AS" finished-at="2024-01-23T23:41:25 IST" duration-ms="14" status="PASS">
          <reporter-output>
            <line>
              <![CDATA[DB closed]]>
            </line>
          </reporter-output>
        </test-method> <!-- config_AS -->
      </class> <!-- testNgPrograms.IrctcTest -->
    </test> <!-- Default test -->
  </suite> <!-- Default suite -->
</testng-results>
